2024-04-10 20:44:33.310 | WARN  | background-preinit | o.s.h.c.j.Jackson2ObjectMapperBuilder >>>>> For Jackson Kotlin classes support please add "com.fasterxml.jackson.module:jackson-module-kotlin" to the classpath
2024-04-10 20:49:15.483 | WARN  | background-preinit | o.s.h.c.j.Jackson2ObjectMapperBuilder >>>>> For Jackson Kotlin classes support please add "com.fasterxml.jackson.module:jackson-module-kotlin" to the classpath
2024-04-10 20:49:53.662 | WARN  | background-preinit | o.s.h.c.j.Jackson2ObjectMapperBuilder >>>>> For Jackson Kotlin classes support please add "com.fasterxml.jackson.module:jackson-module-kotlin" to the classpath
2024-04-10 20:53:25.420 | WARN  | background-preinit | o.s.h.c.j.Jackson2ObjectMapperBuilder >>>>> For Jackson Kotlin classes support please add "com.fasterxml.jackson.module:jackson-module-kotlin" to the classpath
2024-04-10 20:55:55.872 | WARN  | background-preinit | o.s.h.c.j.Jackson2ObjectMapperBuilder >>>>> For Jackson Kotlin classes support please add "com.fasterxml.jackson.module:jackson-module-kotlin" to the classpath
2024-04-10 20:56:14.493 | WARN  | background-preinit | o.s.h.c.j.Jackson2ObjectMapperBuilder >>>>> For Jackson Kotlin classes support please add "com.fasterxml.jackson.module:jackson-module-kotlin" to the classpath
2024-04-10 20:57:30.112 | WARN  | background-preinit | o.s.h.c.j.Jackson2ObjectMapperBuilder >>>>> For Jackson Kotlin classes support please add "com.fasterxml.jackson.module:jackson-module-kotlin" to the classpath
2024-04-10 20:58:43.867 | WARN  | background-preinit | o.s.h.c.j.Jackson2ObjectMapperBuilder >>>>> For Jackson Kotlin classes support please add "com.fasterxml.jackson.module:jackson-module-kotlin" to the classpath
2024-04-10 20:58:45.397 | WARN  | restartedMain | o.s.b.w.s.c.AnnotationConfigServletWebServerApplicationContext >>>>> Exception encountered during context initialization - cancelling refresh attempt: org.springframework.context.ApplicationContextException: Failed to start bean 'webServerStartStop'; nested exception is org.springframework.boot.web.server.PortInUseException: Port 9080 is already in use
2024-04-10 20:58:53.247 | WARN  | background-preinit | o.s.h.c.j.Jackson2ObjectMapperBuilder >>>>> For Jackson Kotlin classes support please add "com.fasterxml.jackson.module:jackson-module-kotlin" to the classpath
2024-04-10 20:59:13.392 | WARN  | background-preinit | o.s.h.c.j.Jackson2ObjectMapperBuilder >>>>> For Jackson Kotlin classes support please add "com.fasterxml.jackson.module:jackson-module-kotlin" to the classpath
2024-04-10 21:01:32.610 | WARN  | background-preinit | o.s.h.c.j.Jackson2ObjectMapperBuilder >>>>> For Jackson Kotlin classes support please add "com.fasterxml.jackson.module:jackson-module-kotlin" to the classpath
2024-04-10 21:05:56.537 | WARN  | background-preinit | o.s.h.c.j.Jackson2ObjectMapperBuilder >>>>> For Jackson Kotlin classes support please add "com.fasterxml.jackson.module:jackson-module-kotlin" to the classpath
2024-04-10 21:07:17.963 | WARN  | restartedMain | o.s.b.w.s.c.AnnotationConfigServletWebServerApplicationContext >>>>> Exception encountered during context initialization - cancelling refresh attempt: org.springframework.beans.factory.BeanCreationException: Error creating bean with name 'loginController': Injection of resource dependencies failed; nested exception is org.springframework.beans.factory.BeanCreationException: Error creating bean with name 'loginServiceImpl': Injection of resource dependencies failed; nested exception is org.springframework.beans.factory.NoSuchBeanDefinitionException: No qualifying bean of type 'org.springframework.security.authentication.AuthenticationManager' available: expected at least 1 bean which qualifies as autowire candidate. Dependency annotations: {@javax.annotation.Resource(shareable=true, lookup=, name=, description=, authenticationType=CONTAINER, type=class java.lang.Object, mappedName=)}
2024-04-10 21:10:28.988 | WARN  | background-preinit | o.s.h.c.j.Jackson2ObjectMapperBuilder >>>>> For Jackson Kotlin classes support please add "com.fasterxml.jackson.module:jackson-module-kotlin" to the classpath
2024-04-10 21:11:39.183 | WARN  | restartedMain | o.s.b.w.s.c.AnnotationConfigServletWebServerApplicationContext >>>>> Exception encountered during context initialization - cancelling refresh attempt: org.springframework.beans.factory.BeanCreationException: Error creating bean with name 'loginController': Injection of resource dependencies failed; nested exception is org.springframework.beans.factory.BeanCreationException: Error creating bean with name 'loginServiceImpl': Injection of resource dependencies failed; nested exception is org.springframework.beans.factory.NoSuchBeanDefinitionException: No qualifying bean of type 'org.springframework.security.authentication.AuthenticationManager' available: expected at least 1 bean which qualifies as autowire candidate. Dependency annotations: {@javax.annotation.Resource(shareable=true, lookup=, name=, description=, authenticationType=CONTAINER, type=class java.lang.Object, mappedName=)}
2024-04-10 21:14:33.292 | WARN  | restartedMain | o.s.b.w.s.c.AnnotationConfigServletWebServerApplicationContext >>>>> Exception encountered during context initialization - cancelling refresh attempt: org.springframework.beans.factory.BeanCreationException: Error creating bean with name 'springSecurityFilterChain' defined in class path resource [org/springframework/security/config/annotation/web/configuration/WebSecurityConfiguration.class]: Bean instantiation via factory method failed; nested exception is org.springframework.beans.BeanInstantiationException: Failed to instantiate [javax.servlet.Filter]: Factory method 'springSecurityFilterChain' threw exception; nested exception is java.lang.IllegalArgumentException: Pattern cannot be null or empty
2024-04-10 21:14:48.074 | WARN  | background-preinit | o.s.h.c.j.Jackson2ObjectMapperBuilder >>>>> For Jackson Kotlin classes support please add "com.fasterxml.jackson.module:jackson-module-kotlin" to the classpath
2024-04-10 21:25:59.932 | WARN  | background-preinit | o.s.h.c.j.Jackson2ObjectMapperBuilder >>>>> For Jackson Kotlin classes support please add "com.fasterxml.jackson.module:jackson-module-kotlin" to the classpath
2024-04-10 21:26:25.348 | WARN  | background-preinit | o.s.h.c.j.Jackson2ObjectMapperBuilder >>>>> For Jackson Kotlin classes support please add "com.fasterxml.jackson.module:jackson-module-kotlin" to the classpath
2024-04-10 21:27:22.868 | WARN  | background-preinit | o.s.h.c.j.Jackson2ObjectMapperBuilder >>>>> For Jackson Kotlin classes support please add "com.fasterxml.jackson.module:jackson-module-kotlin" to the classpath
2024-04-10 21:31:15.416 | WARN  | background-preinit | o.s.h.c.j.Jackson2ObjectMapperBuilder >>>>> For Jackson Kotlin classes support please add "com.fasterxml.jackson.module:jackson-module-kotlin" to the classpath
2024-04-10 21:31:39.216 | WARN  | background-preinit | o.s.h.c.j.Jackson2ObjectMapperBuilder >>>>> For Jackson Kotlin classes support please add "com.fasterxml.jackson.module:jackson-module-kotlin" to the classpath
2024-04-10 21:32:04.198 | WARN  | background-preinit | o.s.h.c.j.Jackson2ObjectMapperBuilder >>>>> For Jackson Kotlin classes support please add "com.fasterxml.jackson.module:jackson-module-kotlin" to the classpath
2024-04-10 21:32:48.436 | WARN  | background-preinit | o.s.h.c.j.Jackson2ObjectMapperBuilder >>>>> For Jackson Kotlin classes support please add "com.fasterxml.jackson.module:jackson-module-kotlin" to the classpath
2024-04-10 21:39:10.124 | WARN  | restartedMain | o.m.s.m.ClassPathMapperScanner >>>>> No MyBatis mapper was found in '[com.example.backend.mapper]' package. Please check your configuration.
2024-04-10 21:39:10.137 | WARN  | restartedMain | o.m.s.m.ClassPathMapperScanner >>>>> No MyBatis mapper was found in '[com.example.backend]' package. Please check your configuration.
2024-04-10 21:40:33.006 | WARN  | restartedMain | o.m.s.m.ClassPathMapperScanner >>>>> No MyBatis mapper was found in '[com.example.backend.mapper]' package. Please check your configuration.
2024-04-10 21:40:33.017 | WARN  | restartedMain | o.m.s.m.ClassPathMapperScanner >>>>> No MyBatis mapper was found in '[com.example.backend]' package. Please check your configuration.
2024-04-10 21:41:55.540 | WARN  | background-preinit | o.s.h.c.j.Jackson2ObjectMapperBuilder >>>>> For Jackson Kotlin classes support please add "com.fasterxml.jackson.module:jackson-module-kotlin" to the classpath
2024-04-10 21:44:07.476 | WARN  | restartedMain | o.m.s.m.ClassPathMapperScanner >>>>> No MyBatis mapper was found in '[com.example.backend.mapper]' package. Please check your configuration.
2024-04-10 21:44:07.498 | WARN  | restartedMain | o.m.s.m.ClassPathMapperScanner >>>>> No MyBatis mapper was found in '[com.example.backend]' package. Please check your configuration.
2024-04-10 21:44:34.240 | WARN  | restartedMain | o.m.s.m.ClassPathMapperScanner >>>>> No MyBatis mapper was found in '[com.example.backend.mapper]' package. Please check your configuration.
2024-04-10 21:44:34.252 | WARN  | restartedMain | o.m.s.m.ClassPathMapperScanner >>>>> No MyBatis mapper was found in '[com.example.backend]' package. Please check your configuration.
2024-04-10 21:44:34.306 | WARN  | restartedMain | o.s.b.w.s.c.AnnotationConfigServletWebServerApplicationContext >>>>> Exception encountered during context initialization - cancelling refresh attempt: org.springframework.context.ApplicationContextException: Unable to start web server; nested exception is org.springframework.boot.web.server.WebServerException: Unable to start embedded Tomcat
2024-04-10 21:45:13.365 | WARN  | restartedMain | o.m.s.m.ClassPathMapperScanner >>>>> No MyBatis mapper was found in '[com.example.backend.mapper]' package. Please check your configuration.
2024-04-10 21:45:13.383 | WARN  | restartedMain | o.m.s.m.ClassPathMapperScanner >>>>> No MyBatis mapper was found in '[com.example.backend]' package. Please check your configuration.
2024-04-10 21:45:15.285 | WARN  | restartedMain | o.m.s.m.ClassPathMapperScanner >>>>> No MyBatis mapper was found in '[com.example.backend.mapper]' package. Please check your configuration.
2024-04-10 21:45:15.296 | WARN  | restartedMain | o.m.s.m.ClassPathMapperScanner >>>>> No MyBatis mapper was found in '[com.example.backend]' package. Please check your configuration.
2024-04-10 21:45:15.350 | WARN  | restartedMain | o.s.b.w.s.c.AnnotationConfigServletWebServerApplicationContext >>>>> Exception encountered during context initialization - cancelling refresh attempt: org.springframework.context.ApplicationContextException: Unable to start web server; nested exception is org.springframework.boot.web.server.WebServerException: Unable to start embedded Tomcat
2024-04-10 21:45:39.365 | WARN  | restartedMain | o.s.b.w.s.c.AnnotationConfigServletWebServerApplicationContext >>>>> Exception encountered during context initialization - cancelling refresh attempt: org.springframework.beans.factory.BeanCreationException: Error creating bean with name 'inMemorySwaggerResourcesProvider' defined in URL [jar:file:/D:/Environment/Maven/Repository/io/springfox/springfox-swagger-common/3.0.0/springfox-swagger-common-3.0.0.jar!/springfox/documentation/swagger/web/InMemorySwaggerResourcesProvider.class]: Bean instantiation via constructor failed; nested exception is org.springframework.beans.BeanInstantiationException: Failed to instantiate [springfox.documentation.swagger.web.InMemorySwaggerResourcesProvider]: Constructor threw exception; nested exception is org.springframework.beans.factory.BeanCreationException: Error creating bean with name 'docket' defined in class path resource [com/example/backend/configuration/SwaggerConfig.class]: Bean instantiation via factory method failed; nested exception is org.springframework.beans.BeanInstantiationException: Failed to instantiate [springfox.documentation.spring.web.plugins.Docket]: Factory method 'docket' threw exception; nested exception is java.lang.NoSuchMethodError: springfox.documentation.builders.RequestHandlerSelectors.basePackage(Ljava/lang/String;)Lcom/google/common/base/Predicate;
2024-04-10 21:45:41.096 | WARN  | restartedMain | o.s.b.w.s.c.AnnotationConfigServletWebServerApplicationContext >>>>> Exception encountered during context initialization - cancelling refresh attempt: org.springframework.beans.factory.BeanCreationException: Error creating bean with name 'inMemorySwaggerResourcesProvider' defined in URL [jar:file:/D:/Environment/Maven/Repository/io/springfox/springfox-swagger-common/3.0.0/springfox-swagger-common-3.0.0.jar!/springfox/documentation/swagger/web/InMemorySwaggerResourcesProvider.class]: Bean instantiation via constructor failed; nested exception is org.springframework.beans.BeanInstantiationException: Failed to instantiate [springfox.documentation.swagger.web.InMemorySwaggerResourcesProvider]: Constructor threw exception; nested exception is org.springframework.beans.factory.BeanCreationException: Error creating bean with name 'docket' defined in class path resource [com/example/backend/configuration/SwaggerConfig.class]: Bean instantiation via factory method failed; nested exception is org.springframework.beans.BeanInstantiationException: Failed to instantiate [springfox.documentation.spring.web.plugins.Docket]: Factory method 'docket' threw exception; nested exception is java.lang.NoSuchMethodError: springfox.documentation.builders.RequestHandlerSelectors.basePackage(Ljava/lang/String;)Lcom/google/common/base/Predicate;
2024-04-10 21:46:12.416 | WARN  | background-preinit | o.s.h.c.j.Jackson2ObjectMapperBuilder >>>>> For Jackson Kotlin classes support please add "com.fasterxml.jackson.module:jackson-module-kotlin" to the classpath
2024-04-10 21:46:24.141 | WARN  | background-preinit | o.s.h.c.j.Jackson2ObjectMapperBuilder >>>>> For Jackson Kotlin classes support please add "com.fasterxml.jackson.module:jackson-module-kotlin" to the classpath
2024-04-10 21:49:05.608 | WARN  | background-preinit | o.s.h.c.j.Jackson2ObjectMapperBuilder >>>>> For Jackson Kotlin classes support please add "com.fasterxml.jackson.module:jackson-module-kotlin" to the classpath
2024-04-10 21:49:58.481 | WARN  | background-preinit | o.s.h.c.j.Jackson2ObjectMapperBuilder >>>>> For Jackson Kotlin classes support please add "com.fasterxml.jackson.module:jackson-module-kotlin" to the classpath
2024-04-10 21:52:32.624 | WARN  | background-preinit | o.s.h.c.j.Jackson2ObjectMapperBuilder >>>>> For Jackson Kotlin classes support please add "com.fasterxml.jackson.module:jackson-module-kotlin" to the classpath
2024-04-10 21:53:53.115 | WARN  | background-preinit | o.s.h.c.j.Jackson2ObjectMapperBuilder >>>>> For Jackson Kotlin classes support please add "com.fasterxml.jackson.module:jackson-module-kotlin" to the classpath
2024-04-10 21:56:27.410 | WARN  | restartedMain | o.m.s.m.ClassPathMapperScanner >>>>> No MyBatis mapper was found in '[com.example.backend.mapper]' package. Please check your configuration.
2024-04-10 21:56:27.425 | WARN  | restartedMain | o.m.s.m.ClassPathMapperScanner >>>>> No MyBatis mapper was found in '[com.example.backend]' package. Please check your configuration.
2024-04-10 21:56:29.480 | WARN  | restartedMain | o.s.b.w.s.c.AnnotationConfigServletWebServerApplicationContext >>>>> Exception encountered during context initialization - cancelling refresh attempt: org.springframework.beans.factory.BeanCreationException: Error creating bean with name 'docket' defined in class path resource [com/example/backend/configuration/SwaggerConfig.class]: Bean instantiation via factory method failed; nested exception is org.springframework.beans.BeanInstantiationException: Failed to instantiate [springfox.documentation.spring.web.plugins.Docket]: Factory method 'docket' threw exception; nested exception is java.lang.NoSuchFieldError: OAS_30
2024-04-10 21:57:40.483 | WARN  | background-preinit | o.s.h.c.j.Jackson2ObjectMapperBuilder >>>>> For Jackson Kotlin classes support please add "com.fasterxml.jackson.module:jackson-module-kotlin" to the classpath
2024-04-10 21:58:43.458 | WARN  | restartedMain | o.s.b.c.ConfigurationWarningsApplicationContextInitializer >>>>> 

** WARNING ** : Your ApplicationContext is unlikely to start due to a @ComponentScan of the default package.


2024-04-10 21:58:58.020 | WARN  | background-preinit | o.s.h.c.j.Jackson2ObjectMapperBuilder >>>>> For Jackson Kotlin classes support please add "com.fasterxml.jackson.module:jackson-module-kotlin" to the classpath
2024-04-10 21:58:58.855 | WARN  | restartedMain | o.s.b.w.s.c.AnnotationConfigServletWebServerApplicationContext >>>>> Exception encountered during context initialization - cancelling refresh attempt: org.springframework.beans.factory.BeanCreationException: Error creating bean with name 'loginController': Injection of resource dependencies failed; nested exception is org.springframework.beans.factory.NoSuchBeanDefinitionException: No qualifying bean of type 'com.example.backend.service.LoginService' available: expected at least 1 bean which qualifies as autowire candidate. Dependency annotations: {@javax.annotation.Resource(shareable=true, lookup=, name=, description=, authenticationType=CONTAINER, type=class java.lang.Object, mappedName=)}
2024-04-10 21:59:44.826 | WARN  | background-preinit | o.s.h.c.j.Jackson2ObjectMapperBuilder >>>>> For Jackson Kotlin classes support please add "com.fasterxml.jackson.module:jackson-module-kotlin" to the classpath
2024-04-10 21:59:45.585 | WARN  | restartedMain | o.s.b.w.s.c.AnnotationConfigServletWebServerApplicationContext >>>>> Exception encountered during context initialization - cancelling refresh attempt: org.springframework.beans.factory.BeanCreationException: Error creating bean with name 'loginController': Injection of resource dependencies failed; nested exception is org.springframework.beans.factory.NoSuchBeanDefinitionException: No qualifying bean of type 'com.example.backend.service.LoginService' available: expected at least 1 bean which qualifies as autowire candidate. Dependency annotations: {@javax.annotation.Resource(shareable=true, lookup=, name=, description=, authenticationType=CONTAINER, type=class java.lang.Object, mappedName=)}
2024-04-10 21:59:54.417 | WARN  | background-preinit | o.s.h.c.j.Jackson2ObjectMapperBuilder >>>>> For Jackson Kotlin classes support please add "com.fasterxml.jackson.module:jackson-module-kotlin" to the classpath
2024-04-10 21:59:55.179 | WARN  | restartedMain | o.s.b.w.s.c.AnnotationConfigServletWebServerApplicationContext >>>>> Exception encountered during context initialization - cancelling refresh attempt: org.springframework.beans.factory.BeanCreationException: Error creating bean with name 'loginController': Injection of resource dependencies failed; nested exception is org.springframework.beans.factory.NoSuchBeanDefinitionException: No qualifying bean of type 'com.example.backend.service.LoginService' available: expected at least 1 bean which qualifies as autowire candidate. Dependency annotations: {@javax.annotation.Resource(shareable=true, lookup=, name=, description=, authenticationType=CONTAINER, type=class java.lang.Object, mappedName=)}
2024-04-10 22:00:05.731 | WARN  | background-preinit | o.s.h.c.j.Jackson2ObjectMapperBuilder >>>>> For Jackson Kotlin classes support please add "com.fasterxml.jackson.module:jackson-module-kotlin" to the classpath
2024-04-10 22:02:38.472 | WARN  | background-preinit | o.s.h.c.j.Jackson2ObjectMapperBuilder >>>>> For Jackson Kotlin classes support please add "com.fasterxml.jackson.module:jackson-module-kotlin" to the classpath
2024-04-10 22:03:56.127 | WARN  | background-preinit | o.s.h.c.j.Jackson2ObjectMapperBuilder >>>>> For Jackson Kotlin classes support please add "com.fasterxml.jackson.module:jackson-module-kotlin" to the classpath
2024-04-10 22:03:56.941 | WARN  | restartedMain | o.s.b.w.s.c.AnnotationConfigServletWebServerApplicationContext >>>>> Exception encountered during context initialization - cancelling refresh attempt: org.springframework.beans.factory.BeanCreationException: Error creating bean with name 'loginController': Injection of resource dependencies failed; nested exception is org.springframework.beans.factory.NoSuchBeanDefinitionException: No qualifying bean of type 'com.example.backend.service.LoginService' available: expected at least 1 bean which qualifies as autowire candidate. Dependency annotations: {@javax.annotation.Resource(shareable=true, lookup=, name=, description=, authenticationType=CONTAINER, type=class java.lang.Object, mappedName=)}
2024-04-10 22:04:07.397 | WARN  | background-preinit | o.s.h.c.j.Jackson2ObjectMapperBuilder >>>>> For Jackson Kotlin classes support please add "com.fasterxml.jackson.module:jackson-module-kotlin" to the classpath
2024-04-10 22:06:11.617 | WARN  | background-preinit | o.s.h.c.j.Jackson2ObjectMapperBuilder >>>>> For Jackson Kotlin classes support please add "com.fasterxml.jackson.module:jackson-module-kotlin" to the classpath
2024-04-10 22:10:36.856 | WARN  | restartedMain | s.d.s.r.o.OperationImplicitParameterReader >>>>> Unable to interpret the implicit parameter configuration with dataType: , dataTypeClass: class java.lang.Void
2024-04-10 22:10:36.858 | WARN  | restartedMain | s.d.s.r.o.OperationImplicitParameterReader >>>>> Unable to interpret the implicit parameter configuration with dataType: , dataTypeClass: class java.lang.Void
2024-04-10 22:11:27.998 | WARN  | background-preinit | o.s.h.c.j.Jackson2ObjectMapperBuilder >>>>> For Jackson Kotlin classes support please add "com.fasterxml.jackson.module:jackson-module-kotlin" to the classpath
2024-04-10 22:11:29.649 | WARN  | restartedMain | s.d.s.r.o.OperationImplicitParameterReader >>>>> Unable to interpret the implicit parameter configuration with dataType: , dataTypeClass: class java.lang.Void
2024-04-10 22:11:29.651 | WARN  | restartedMain | s.d.s.r.o.OperationImplicitParameterReader >>>>> Unable to interpret the implicit parameter configuration with dataType: , dataTypeClass: class java.lang.Void
2024-04-10 22:11:50.884 | WARN  | restartedMain | s.d.s.r.o.OperationImplicitParameterReader >>>>> Unable to interpret the implicit parameter configuration with dataType: , dataTypeClass: class java.lang.Void
2024-04-10 22:11:50.885 | WARN  | restartedMain | s.d.s.r.o.OperationImplicitParameterReader >>>>> Unable to interpret the implicit parameter configuration with dataType: , dataTypeClass: class java.lang.Void
2024-04-10 22:11:52.815 | WARN  | restartedMain | s.d.s.r.o.OperationImplicitParameterReader >>>>> Unable to interpret the implicit parameter configuration with dataType: , dataTypeClass: class java.lang.Void
2024-04-10 22:11:52.816 | WARN  | restartedMain | s.d.s.r.o.OperationImplicitParameterReader >>>>> Unable to interpret the implicit parameter configuration with dataType: , dataTypeClass: class java.lang.Void
2024-04-10 22:13:24.341 | WARN  | restartedMain | s.d.s.r.o.OperationImplicitParameterReader >>>>> Unable to interpret the implicit parameter configuration with dataType: , dataTypeClass: class java.lang.Void
2024-04-10 22:13:24.341 | WARN  | restartedMain | s.d.s.r.o.OperationImplicitParameterReader >>>>> Unable to interpret the implicit parameter configuration with dataType: , dataTypeClass: class java.lang.Void
2024-04-10 22:19:44.009 | WARN  | background-preinit | o.s.h.c.j.Jackson2ObjectMapperBuilder >>>>> For Jackson Kotlin classes support please add "com.fasterxml.jackson.module:jackson-module-kotlin" to the classpath
2024-04-10 22:19:45.607 | WARN  | restartedMain | s.d.s.r.o.OperationImplicitParameterReader >>>>> Unable to interpret the implicit parameter configuration with dataType: , dataTypeClass: class java.lang.Void
2024-04-10 22:19:45.609 | WARN  | restartedMain | s.d.s.r.o.OperationImplicitParameterReader >>>>> Unable to interpret the implicit parameter configuration with dataType: , dataTypeClass: class java.lang.Void
2024-04-10 22:34:42.095 | WARN  | background-preinit | o.s.h.c.j.Jackson2ObjectMapperBuilder >>>>> For Jackson Kotlin classes support please add "com.fasterxml.jackson.module:jackson-module-kotlin" to the classpath
2024-04-10 22:34:43.732 | WARN  | restartedMain | s.d.s.r.o.OperationImplicitParameterReader >>>>> Unable to interpret the implicit parameter configuration with dataType: , dataTypeClass: class java.lang.Void
2024-04-10 22:34:43.734 | WARN  | restartedMain | s.d.s.r.o.OperationImplicitParameterReader >>>>> Unable to interpret the implicit parameter configuration with dataType: , dataTypeClass: class java.lang.Void
2024-04-10 22:36:06.166 | WARN  | background-preinit | o.s.h.c.j.Jackson2ObjectMapperBuilder >>>>> For Jackson Kotlin classes support please add "com.fasterxml.jackson.module:jackson-module-kotlin" to the classpath
2024-04-10 22:36:07.805 | WARN  | restartedMain | s.d.s.r.o.OperationImplicitParameterReader >>>>> Unable to interpret the implicit parameter configuration with dataType: , dataTypeClass: class java.lang.Void
2024-04-10 22:36:07.807 | WARN  | restartedMain | s.d.s.r.o.OperationImplicitParameterReader >>>>> Unable to interpret the implicit parameter configuration with dataType: , dataTypeClass: class java.lang.Void
2024-04-10 22:36:43.200 | WARN  | restartedMain | s.d.s.r.o.OperationImplicitParameterReader >>>>> Unable to interpret the implicit parameter configuration with dataType: , dataTypeClass: class java.lang.Void
2024-04-10 22:36:43.201 | WARN  | restartedMain | s.d.s.r.o.OperationImplicitParameterReader >>>>> Unable to interpret the implicit parameter configuration with dataType: , dataTypeClass: class java.lang.Void
2024-04-10 22:36:43.205 | WARN  | restartedMain | s.d.s.r.o.OperationImplicitParameterReader >>>>> Unable to interpret the implicit parameter configuration with dataType: , dataTypeClass: class java.lang.Void
2024-04-10 22:36:43.206 | WARN  | restartedMain | s.d.s.r.o.OperationImplicitParameterReader >>>>> Unable to interpret the implicit parameter configuration with dataType: , dataTypeClass: class java.lang.Void
2024-04-10 22:36:45.158 | WARN  | restartedMain | s.d.s.r.o.OperationImplicitParameterReader >>>>> Unable to interpret the implicit parameter configuration with dataType: , dataTypeClass: class java.lang.Void
2024-04-10 22:36:45.158 | WARN  | restartedMain | s.d.s.r.o.OperationImplicitParameterReader >>>>> Unable to interpret the implicit parameter configuration with dataType: , dataTypeClass: class java.lang.Void
2024-04-10 22:36:45.163 | WARN  | restartedMain | s.d.s.r.o.OperationImplicitParameterReader >>>>> Unable to interpret the implicit parameter configuration with dataType: , dataTypeClass: class java.lang.Void
2024-04-10 22:36:45.163 | WARN  | restartedMain | s.d.s.r.o.OperationImplicitParameterReader >>>>> Unable to interpret the implicit parameter configuration with dataType: , dataTypeClass: class java.lang.Void
2024-04-10 22:37:13.518 | WARN  | restartedMain | s.d.s.r.o.OperationImplicitParameterReader >>>>> Unable to interpret the implicit parameter configuration with dataType: , dataTypeClass: class java.lang.Void
2024-04-10 22:37:13.518 | WARN  | restartedMain | s.d.s.r.o.OperationImplicitParameterReader >>>>> Unable to interpret the implicit parameter configuration with dataType: , dataTypeClass: class java.lang.Void
2024-04-10 22:37:15.469 | WARN  | restartedMain | s.d.s.r.o.OperationImplicitParameterReader >>>>> Unable to interpret the implicit parameter configuration with dataType: , dataTypeClass: class java.lang.Void
2024-04-10 22:37:15.470 | WARN  | restartedMain | s.d.s.r.o.OperationImplicitParameterReader >>>>> Unable to interpret the implicit parameter configuration with dataType: , dataTypeClass: class java.lang.Void
2024-04-10 22:37:15.473 | WARN  | restartedMain | s.d.s.r.o.OperationImplicitParameterReader >>>>> Unable to interpret the implicit parameter configuration with dataType: , dataTypeClass: class java.lang.Void
2024-04-10 22:37:15.473 | WARN  | restartedMain | s.d.s.r.o.OperationImplicitParameterReader >>>>> Unable to interpret the implicit parameter configuration with dataType: , dataTypeClass: class java.lang.Void
2024-04-10 22:37:15.473 | WARN  | restartedMain | s.d.s.r.o.OperationImplicitParameterReader >>>>> Unable to interpret the implicit parameter configuration with dataType: , dataTypeClass: class java.lang.Void
2024-04-10 22:37:19.462 | WARN  | restartedMain | s.d.s.r.o.OperationImplicitParameterReader >>>>> Unable to interpret the implicit parameter configuration with dataType: , dataTypeClass: class java.lang.Void
2024-04-10 22:37:19.462 | WARN  | restartedMain | s.d.s.r.o.OperationImplicitParameterReader >>>>> Unable to interpret the implicit parameter configuration with dataType: , dataTypeClass: class java.lang.Void
2024-04-10 22:37:21.372 | WARN  | restartedMain | s.d.s.r.o.OperationImplicitParameterReader >>>>> Unable to interpret the implicit parameter configuration with dataType: , dataTypeClass: class java.lang.Void
2024-04-10 22:37:21.372 | WARN  | restartedMain | s.d.s.r.o.OperationImplicitParameterReader >>>>> Unable to interpret the implicit parameter configuration with dataType: , dataTypeClass: class java.lang.Void
2024-04-10 22:37:21.375 | WARN  | restartedMain | s.d.s.r.o.OperationImplicitParameterReader >>>>> Unable to interpret the implicit parameter configuration with dataType: , dataTypeClass: class java.lang.Void
2024-04-10 22:37:21.375 | WARN  | restartedMain | s.d.s.r.o.OperationImplicitParameterReader >>>>> Unable to interpret the implicit parameter configuration with dataType: , dataTypeClass: class java.lang.Void
2024-04-10 22:37:21.376 | WARN  | restartedMain | s.d.s.r.o.OperationImplicitParameterReader >>>>> Unable to interpret the implicit parameter configuration with dataType: , dataTypeClass: class java.lang.Void
2024-04-10 22:37:59.623 | WARN  | background-preinit | o.s.h.c.j.Jackson2ObjectMapperBuilder >>>>> For Jackson Kotlin classes support please add "com.fasterxml.jackson.module:jackson-module-kotlin" to the classpath
2024-04-10 22:38:01.282 | WARN  | restartedMain | s.d.s.r.o.OperationImplicitParameterReader >>>>> Unable to interpret the implicit parameter configuration with dataType: , dataTypeClass: class java.lang.Void
2024-04-10 22:38:01.284 | WARN  | restartedMain | s.d.s.r.o.OperationImplicitParameterReader >>>>> Unable to interpret the implicit parameter configuration with dataType: , dataTypeClass: class java.lang.Void
2024-04-10 22:38:01.299 | WARN  | restartedMain | s.d.s.r.o.OperationImplicitParameterReader >>>>> Unable to interpret the implicit parameter configuration with dataType: , dataTypeClass: class java.lang.Void
2024-04-10 22:38:01.300 | WARN  | restartedMain | s.d.s.r.o.OperationImplicitParameterReader >>>>> Unable to interpret the implicit parameter configuration with dataType: , dataTypeClass: class java.lang.Void
2024-04-10 22:38:01.300 | WARN  | restartedMain | s.d.s.r.o.OperationImplicitParameterReader >>>>> Unable to interpret the implicit parameter configuration with dataType: , dataTypeClass: class java.lang.Void
2024-04-10 22:38:23.477 | WARN  | background-preinit | o.s.h.c.j.Jackson2ObjectMapperBuilder >>>>> For Jackson Kotlin classes support please add "com.fasterxml.jackson.module:jackson-module-kotlin" to the classpath
2024-04-10 22:38:25.135 | WARN  | restartedMain | s.d.s.r.o.OperationImplicitParameterReader >>>>> Unable to interpret the implicit parameter configuration with dataType: , dataTypeClass: class java.lang.Void
2024-04-10 22:38:25.137 | WARN  | restartedMain | s.d.s.r.o.OperationImplicitParameterReader >>>>> Unable to interpret the implicit parameter configuration with dataType: , dataTypeClass: class java.lang.Void
2024-04-10 22:38:25.154 | WARN  | restartedMain | s.d.s.r.o.OperationImplicitParameterReader >>>>> Unable to interpret the implicit parameter configuration with dataType: , dataTypeClass: class java.lang.Void
2024-04-10 22:38:25.154 | WARN  | restartedMain | s.d.s.r.o.OperationImplicitParameterReader >>>>> Unable to interpret the implicit parameter configuration with dataType: , dataTypeClass: class java.lang.Void
2024-04-10 22:38:25.154 | WARN  | restartedMain | s.d.s.r.o.OperationImplicitParameterReader >>>>> Unable to interpret the implicit parameter configuration with dataType: , dataTypeClass: class java.lang.Void
2024-04-10 22:42:26.096 | WARN  | background-preinit | o.s.h.c.j.Jackson2ObjectMapperBuilder >>>>> For Jackson Kotlin classes support please add "com.fasterxml.jackson.module:jackson-module-kotlin" to the classpath
2024-04-10 22:42:27.963 | WARN  | restartedMain | s.d.s.r.o.OperationImplicitParameterReader >>>>> Unable to interpret the implicit parameter configuration with dataType: , dataTypeClass: class java.lang.Void
2024-04-10 22:42:27.965 | WARN  | restartedMain | s.d.s.r.o.OperationImplicitParameterReader >>>>> Unable to interpret the implicit parameter configuration with dataType: , dataTypeClass: class java.lang.Void
2024-04-10 22:42:27.978 | WARN  | restartedMain | s.d.s.r.o.OperationImplicitParameterReader >>>>> Unable to interpret the implicit parameter configuration with dataType: , dataTypeClass: class java.lang.Void
2024-04-10 22:42:27.978 | WARN  | restartedMain | s.d.s.r.o.OperationImplicitParameterReader >>>>> Unable to interpret the implicit parameter configuration with dataType: , dataTypeClass: class java.lang.Void
2024-04-10 22:42:27.978 | WARN  | restartedMain | s.d.s.r.o.OperationImplicitParameterReader >>>>> Unable to interpret the implicit parameter configuration with dataType: , dataTypeClass: class java.lang.Void
2024-04-10 22:44:10.419 | WARN  | restartedMain | s.d.s.r.o.OperationImplicitParameterReader >>>>> Unable to interpret the implicit parameter configuration with dataType: , dataTypeClass: class java.lang.Void
2024-04-10 22:44:10.420 | WARN  | restartedMain | s.d.s.r.o.OperationImplicitParameterReader >>>>> Unable to interpret the implicit parameter configuration with dataType: , dataTypeClass: class java.lang.Void
2024-04-10 22:44:10.424 | WARN  | restartedMain | s.d.s.r.o.OperationImplicitParameterReader >>>>> Unable to interpret the implicit parameter configuration with dataType: , dataTypeClass: class java.lang.Void
2024-04-10 22:44:10.425 | WARN  | restartedMain | s.d.s.r.o.OperationImplicitParameterReader >>>>> Unable to interpret the implicit parameter configuration with dataType: , dataTypeClass: class java.lang.Void
2024-04-10 22:44:10.425 | WARN  | restartedMain | s.d.s.r.o.OperationImplicitParameterReader >>>>> Unable to interpret the implicit parameter configuration with dataType: , dataTypeClass: class java.lang.Void
2024-04-10 22:44:12.439 | WARN  | restartedMain | s.d.s.r.o.OperationImplicitParameterReader >>>>> Unable to interpret the implicit parameter configuration with dataType: , dataTypeClass: class java.lang.Void
2024-04-10 22:44:12.439 | WARN  | restartedMain | s.d.s.r.o.OperationImplicitParameterReader >>>>> Unable to interpret the implicit parameter configuration with dataType: , dataTypeClass: class java.lang.Void
2024-04-10 22:44:12.442 | WARN  | restartedMain | s.d.s.r.o.OperationImplicitParameterReader >>>>> Unable to interpret the implicit parameter configuration with dataType: , dataTypeClass: class java.lang.Void
2024-04-10 22:44:12.442 | WARN  | restartedMain | s.d.s.r.o.OperationImplicitParameterReader >>>>> Unable to interpret the implicit parameter configuration with dataType: , dataTypeClass: class java.lang.Void
2024-04-10 22:44:12.442 | WARN  | restartedMain | s.d.s.r.o.OperationImplicitParameterReader >>>>> Unable to interpret the implicit parameter configuration with dataType: , dataTypeClass: class java.lang.Void
2024-04-10 22:47:34.174 | WARN  | background-preinit | o.s.h.c.j.Jackson2ObjectMapperBuilder >>>>> For Jackson Kotlin classes support please add "com.fasterxml.jackson.module:jackson-module-kotlin" to the classpath
2024-04-10 22:47:36.146 | WARN  | restartedMain | s.d.s.r.o.OperationImplicitParameterReader >>>>> Unable to interpret the implicit parameter configuration with dataType: , dataTypeClass: class java.lang.Void
2024-04-10 22:47:36.151 | WARN  | restartedMain | s.d.s.r.o.OperationImplicitParameterReader >>>>> Unable to interpret the implicit parameter configuration with dataType: , dataTypeClass: class java.lang.Void
2024-04-10 22:47:36.173 | WARN  | restartedMain | s.d.s.r.o.OperationImplicitParameterReader >>>>> Unable to interpret the implicit parameter configuration with dataType: , dataTypeClass: class java.lang.Void
2024-04-10 22:47:36.173 | WARN  | restartedMain | s.d.s.r.o.OperationImplicitParameterReader >>>>> Unable to interpret the implicit parameter configuration with dataType: , dataTypeClass: class java.lang.Void
2024-04-10 22:47:36.175 | WARN  | restartedMain | s.d.s.r.o.OperationImplicitParameterReader >>>>> Unable to interpret the implicit parameter configuration with dataType: , dataTypeClass: class java.lang.Void
2024-04-10 22:50:40.107 | WARN  | restartedMain | s.d.s.r.o.OperationImplicitParameterReader >>>>> Unable to interpret the implicit parameter configuration with dataType: , dataTypeClass: class java.lang.Void
2024-04-10 22:50:40.108 | WARN  | restartedMain | s.d.s.r.o.OperationImplicitParameterReader >>>>> Unable to interpret the implicit parameter configuration with dataType: , dataTypeClass: class java.lang.Void
2024-04-10 22:50:40.111 | WARN  | restartedMain | s.d.s.r.o.OperationImplicitParameterReader >>>>> Unable to interpret the implicit parameter configuration with dataType: , dataTypeClass: class java.lang.Void
2024-04-10 22:50:40.111 | WARN  | restartedMain | s.d.s.r.o.OperationImplicitParameterReader >>>>> Unable to interpret the implicit parameter configuration with dataType: , dataTypeClass: class java.lang.Void
2024-04-10 22:50:40.112 | WARN  | restartedMain | s.d.s.r.o.OperationImplicitParameterReader >>>>> Unable to interpret the implicit parameter configuration with dataType: , dataTypeClass: class java.lang.Void
2024-04-10 22:50:42.057 | WARN  | restartedMain | s.d.s.r.o.OperationImplicitParameterReader >>>>> Unable to interpret the implicit parameter configuration with dataType: , dataTypeClass: class java.lang.Void
2024-04-10 22:50:42.058 | WARN  | restartedMain | s.d.s.r.o.OperationImplicitParameterReader >>>>> Unable to interpret the implicit parameter configuration with dataType: , dataTypeClass: class java.lang.Void
2024-04-10 22:50:42.061 | WARN  | restartedMain | s.d.s.r.o.OperationImplicitParameterReader >>>>> Unable to interpret the implicit parameter configuration with dataType: , dataTypeClass: class java.lang.Void
2024-04-10 22:50:42.061 | WARN  | restartedMain | s.d.s.r.o.OperationImplicitParameterReader >>>>> Unable to interpret the implicit parameter configuration with dataType: , dataTypeClass: class java.lang.Void
2024-04-10 22:50:42.061 | WARN  | restartedMain | s.d.s.r.o.OperationImplicitParameterReader >>>>> Unable to interpret the implicit parameter configuration with dataType: , dataTypeClass: class java.lang.Void
2024-04-10 22:50:54.330 | WARN  | background-preinit | o.s.h.c.j.Jackson2ObjectMapperBuilder >>>>> For Jackson Kotlin classes support please add "com.fasterxml.jackson.module:jackson-module-kotlin" to the classpath
2024-04-10 22:50:56.051 | WARN  | restartedMain | s.d.s.r.o.OperationImplicitParameterReader >>>>> Unable to interpret the implicit parameter configuration with dataType: , dataTypeClass: class java.lang.Void
2024-04-10 22:50:56.053 | WARN  | restartedMain | s.d.s.r.o.OperationImplicitParameterReader >>>>> Unable to interpret the implicit parameter configuration with dataType: , dataTypeClass: class java.lang.Void
2024-04-10 22:50:56.064 | WARN  | restartedMain | s.d.s.r.o.OperationImplicitParameterReader >>>>> Unable to interpret the implicit parameter configuration with dataType: , dataTypeClass: class java.lang.Void
2024-04-10 22:50:56.065 | WARN  | restartedMain | s.d.s.r.o.OperationImplicitParameterReader >>>>> Unable to interpret the implicit parameter configuration with dataType: , dataTypeClass: class java.lang.Void
2024-04-10 22:50:56.065 | WARN  | restartedMain | s.d.s.r.o.OperationImplicitParameterReader >>>>> Unable to interpret the implicit parameter configuration with dataType: , dataTypeClass: class java.lang.Void
2024-04-10 22:51:12.736 | WARN  | background-preinit | o.s.h.c.j.Jackson2ObjectMapperBuilder >>>>> For Jackson Kotlin classes support please add "com.fasterxml.jackson.module:jackson-module-kotlin" to the classpath
2024-04-10 22:51:14.513 | WARN  | restartedMain | s.d.s.r.o.OperationImplicitParameterReader >>>>> Unable to interpret the implicit parameter configuration with dataType: , dataTypeClass: class java.lang.Void
2024-04-10 22:51:14.515 | WARN  | restartedMain | s.d.s.r.o.OperationImplicitParameterReader >>>>> Unable to interpret the implicit parameter configuration with dataType: , dataTypeClass: class java.lang.Void
2024-04-10 22:51:14.515 | WARN  | restartedMain | s.d.s.r.o.OperationImplicitParameterReader >>>>> Unable to interpret the implicit parameter configuration with dataType: , dataTypeClass: class java.lang.Void
2024-04-10 22:53:19.590 | WARN  | background-preinit | o.s.h.c.j.Jackson2ObjectMapperBuilder >>>>> For Jackson Kotlin classes support please add "com.fasterxml.jackson.module:jackson-module-kotlin" to the classpath
2024-04-10 22:53:21.371 | WARN  | restartedMain | s.d.s.r.o.OperationImplicitParameterReader >>>>> Unable to interpret the implicit parameter configuration with dataType: , dataTypeClass: class java.lang.Void
2024-04-10 22:53:21.373 | WARN  | restartedMain | s.d.s.r.o.OperationImplicitParameterReader >>>>> Unable to interpret the implicit parameter configuration with dataType: , dataTypeClass: class java.lang.Void
2024-04-10 22:53:21.373 | WARN  | restartedMain | s.d.s.r.o.OperationImplicitParameterReader >>>>> Unable to interpret the implicit parameter configuration with dataType: , dataTypeClass: class java.lang.Void
2024-04-10 22:54:39.759 | WARN  | background-preinit | o.s.h.c.j.Jackson2ObjectMapperBuilder >>>>> For Jackson Kotlin classes support please add "com.fasterxml.jackson.module:jackson-module-kotlin" to the classpath
