2024-04-13 16:59:21.849 | WARN  | background-preinit | o.s.h.c.j.Jackson2ObjectMapperBuilder >>>>> For Jackson Kotlin classes support please add "com.fasterxml.jackson.module:jackson-module-kotlin" to the classpath
2024-04-13 16:59:24.294 | WARN  | restartedMain | s.d.s.r.o.OperationImplicitParameterReader >>>>> Unable to interpret the implicit parameter configuration with dataType: , dataTypeClass: class java.lang.Void
2024-04-13 16:59:24.297 | WARN  | restartedMain | s.d.s.r.o.OperationImplicitParameterReader >>>>> Unable to interpret the implicit parameter configuration with dataType: , dataTypeClass: class java.lang.Void
2024-04-13 16:59:24.309 | WARN  | restartedMain | s.d.s.r.o.OperationImplicitParameterReader >>>>> Unable to interpret the implicit parameter configuration with dataType: , dataTypeClass: class java.lang.Void
2024-04-13 16:59:24.309 | WARN  | restartedMain | s.d.s.r.o.OperationImplicitParameterReader >>>>> Unable to interpret the implicit parameter configuration with dataType: , dataTypeClass: class java.lang.Void
2024-04-13 16:59:24.310 | WARN  | restartedMain | s.d.s.r.o.OperationImplicitParameterReader >>>>> Unable to interpret the implicit parameter configuration with dataType: , dataTypeClass: class java.lang.Void
2024-04-13 23:31:04.141 | WARN  | background-preinit | o.s.h.c.j.Jackson2ObjectMapperBuilder >>>>> For Jackson Kotlin classes support please add "com.fasterxml.jackson.module:jackson-module-kotlin" to the classpath
2024-04-13 23:31:06.955 | WARN  | restartedMain | s.d.s.r.o.OperationImplicitParameterReader >>>>> Unable to interpret the implicit parameter configuration with dataType: , dataTypeClass: class java.lang.Void
2024-04-13 23:31:06.957 | WARN  | restartedMain | s.d.s.r.o.OperationImplicitParameterReader >>>>> Unable to interpret the implicit parameter configuration with dataType: , dataTypeClass: class java.lang.Void
2024-04-13 23:31:06.972 | WARN  | restartedMain | s.d.s.r.o.OperationImplicitParameterReader >>>>> Unable to interpret the implicit parameter configuration with dataType: , dataTypeClass: class java.lang.Void
2024-04-13 23:31:06.972 | WARN  | restartedMain | s.d.s.r.o.OperationImplicitParameterReader >>>>> Unable to interpret the implicit parameter configuration with dataType: , dataTypeClass: class java.lang.Void
2024-04-13 23:31:06.972 | WARN  | restartedMain | s.d.s.r.o.OperationImplicitParameterReader >>>>> Unable to interpret the implicit parameter configuration with dataType: , dataTypeClass: class java.lang.Void
2024-04-13 23:31:39.389 | WARN  | restartedMain | s.d.s.r.o.OperationImplicitParameterReader >>>>> Unable to interpret the implicit parameter configuration with dataType: , dataTypeClass: class java.lang.Void
2024-04-13 23:31:39.389 | WARN  | restartedMain | s.d.s.r.o.OperationImplicitParameterReader >>>>> Unable to interpret the implicit parameter configuration with dataType: , dataTypeClass: class java.lang.Void
2024-04-13 23:31:39.394 | WARN  | restartedMain | s.d.s.r.o.OperationImplicitParameterReader >>>>> Unable to interpret the implicit parameter configuration with dataType: , dataTypeClass: class java.lang.Void
2024-04-13 23:31:39.394 | WARN  | restartedMain | s.d.s.r.o.OperationImplicitParameterReader >>>>> Unable to interpret the implicit parameter configuration with dataType: , dataTypeClass: class java.lang.Void
2024-04-13 23:31:39.394 | WARN  | restartedMain | s.d.s.r.o.OperationImplicitParameterReader >>>>> Unable to interpret the implicit parameter configuration with dataType: , dataTypeClass: class java.lang.Void
2024-04-13 23:33:49.491 | WARN  | restartedMain | s.d.s.r.o.OperationImplicitParameterReader >>>>> Unable to interpret the implicit parameter configuration with dataType: , dataTypeClass: class java.lang.Void
2024-04-13 23:33:49.492 | WARN  | restartedMain | s.d.s.r.o.OperationImplicitParameterReader >>>>> Unable to interpret the implicit parameter configuration with dataType: , dataTypeClass: class java.lang.Void
2024-04-13 23:33:49.496 | WARN  | restartedMain | s.d.s.r.o.OperationImplicitParameterReader >>>>> Unable to interpret the implicit parameter configuration with dataType: , dataTypeClass: class java.lang.Void
2024-04-13 23:33:49.496 | WARN  | restartedMain | s.d.s.r.o.OperationImplicitParameterReader >>>>> Unable to interpret the implicit parameter configuration with dataType: , dataTypeClass: class java.lang.Void
2024-04-13 23:33:49.496 | WARN  | restartedMain | s.d.s.r.o.OperationImplicitParameterReader >>>>> Unable to interpret the implicit parameter configuration with dataType: , dataTypeClass: class java.lang.Void
2024-04-13 23:33:51.504 | WARN  | restartedMain | s.d.s.r.o.OperationImplicitParameterReader >>>>> Unable to interpret the implicit parameter configuration with dataType: , dataTypeClass: class java.lang.Void
2024-04-13 23:33:51.504 | WARN  | restartedMain | s.d.s.r.o.OperationImplicitParameterReader >>>>> Unable to interpret the implicit parameter configuration with dataType: , dataTypeClass: class java.lang.Void
2024-04-13 23:33:51.507 | WARN  | restartedMain | s.d.s.r.o.OperationImplicitParameterReader >>>>> Unable to interpret the implicit parameter configuration with dataType: , dataTypeClass: class java.lang.Void
2024-04-13 23:33:51.507 | WARN  | restartedMain | s.d.s.r.o.OperationImplicitParameterReader >>>>> Unable to interpret the implicit parameter configuration with dataType: , dataTypeClass: class java.lang.Void
2024-04-13 23:33:51.507 | WARN  | restartedMain | s.d.s.r.o.OperationImplicitParameterReader >>>>> Unable to interpret the implicit parameter configuration with dataType: , dataTypeClass: class java.lang.Void
2024-04-13 23:35:17.116 | WARN  | background-preinit | o.s.h.c.j.Jackson2ObjectMapperBuilder >>>>> For Jackson Kotlin classes support please add "com.fasterxml.jackson.module:jackson-module-kotlin" to the classpath
2024-04-13 23:35:19.341 | WARN  | restartedMain | s.d.s.r.o.OperationImplicitParameterReader >>>>> Unable to interpret the implicit parameter configuration with dataType: , dataTypeClass: class java.lang.Void
2024-04-13 23:35:19.344 | WARN  | restartedMain | s.d.s.r.o.OperationImplicitParameterReader >>>>> Unable to interpret the implicit parameter configuration with dataType: , dataTypeClass: class java.lang.Void
2024-04-13 23:35:19.348 | WARN  | restartedMain | s.d.s.r.o.OperationImplicitParameterReader >>>>> Unable to interpret the implicit parameter configuration with dataType: , dataTypeClass: class java.lang.Void
2024-04-13 23:35:19.349 | WARN  | restartedMain | s.d.s.r.o.OperationImplicitParameterReader >>>>> Unable to interpret the implicit parameter configuration with dataType: , dataTypeClass: class java.lang.Void
2024-04-13 23:35:19.349 | WARN  | restartedMain | s.d.s.r.o.OperationImplicitParameterReader >>>>> Unable to interpret the implicit parameter configuration with dataType: , dataTypeClass: class java.lang.Void
2024-04-13 23:36:45.175 | WARN  | HikariPool-1 housekeeper | c.z.h.p.HikariPool >>>>> HikariPool-1 - Thread starvation or clock leap detected (housekeeper delta=1m26s440ms916µs600ns).
2024-04-13 23:37:36.799 | WARN  | background-preinit | o.s.h.c.j.Jackson2ObjectMapperBuilder >>>>> For Jackson Kotlin classes support please add "com.fasterxml.jackson.module:jackson-module-kotlin" to the classpath
2024-04-13 23:37:38.721 | WARN  | restartedMain | s.d.s.r.o.OperationImplicitParameterReader >>>>> Unable to interpret the implicit parameter configuration with dataType: , dataTypeClass: class java.lang.Void
2024-04-13 23:37:38.723 | WARN  | restartedMain | s.d.s.r.o.OperationImplicitParameterReader >>>>> Unable to interpret the implicit parameter configuration with dataType: , dataTypeClass: class java.lang.Void
2024-04-13 23:37:38.729 | WARN  | restartedMain | s.d.s.r.o.OperationImplicitParameterReader >>>>> Unable to interpret the implicit parameter configuration with dataType: , dataTypeClass: class java.lang.Void
2024-04-13 23:37:38.729 | WARN  | restartedMain | s.d.s.r.o.OperationImplicitParameterReader >>>>> Unable to interpret the implicit parameter configuration with dataType: , dataTypeClass: class java.lang.Void
2024-04-13 23:37:38.730 | WARN  | restartedMain | s.d.s.r.o.OperationImplicitParameterReader >>>>> Unable to interpret the implicit parameter configuration with dataType: , dataTypeClass: class java.lang.Void
2024-04-13 23:38:41.486 | WARN  | restartedMain | o.s.b.w.s.c.AnnotationConfigServletWebServerApplicationContext >>>>> Exception encountered during context initialization - cancelling refresh attempt: org.springframework.beans.factory.BeanCreationException: Error creating bean with name 'securityConfig' defined in file [D:\GithubProjects\Authentication_And_Authorization_Module\back-end\target\classes\com\example\backend\configuration\SecurityConfig.class]: Post-processing of merged bean definition failed; nested exception is java.lang.IllegalStateException: Failed to introspect Class [com.example.backend.configuration.SecurityConfig] from ClassLoader [org.springframework.boot.devtools.restart.classloader.RestartClassLoader@654ed2c]
2024-04-13 23:38:46.997 | WARN  | background-preinit | o.s.h.c.j.Jackson2ObjectMapperBuilder >>>>> For Jackson Kotlin classes support please add "com.fasterxml.jackson.module:jackson-module-kotlin" to the classpath
2024-04-13 23:38:48.840 | WARN  | restartedMain | s.d.s.r.o.OperationImplicitParameterReader >>>>> Unable to interpret the implicit parameter configuration with dataType: , dataTypeClass: class java.lang.Void
2024-04-13 23:38:48.843 | WARN  | restartedMain | s.d.s.r.o.OperationImplicitParameterReader >>>>> Unable to interpret the implicit parameter configuration with dataType: , dataTypeClass: class java.lang.Void
2024-04-13 23:38:48.848 | WARN  | restartedMain | s.d.s.r.o.OperationImplicitParameterReader >>>>> Unable to interpret the implicit parameter configuration with dataType: , dataTypeClass: class java.lang.Void
2024-04-13 23:38:48.848 | WARN  | restartedMain | s.d.s.r.o.OperationImplicitParameterReader >>>>> Unable to interpret the implicit parameter configuration with dataType: , dataTypeClass: class java.lang.Void
2024-04-13 23:38:48.848 | WARN  | restartedMain | s.d.s.r.o.OperationImplicitParameterReader >>>>> Unable to interpret the implicit parameter configuration with dataType: , dataTypeClass: class java.lang.Void
2024-04-13 23:39:18.149 | WARN  | restartedMain | o.s.b.w.s.c.AnnotationConfigServletWebServerApplicationContext >>>>> Exception encountered during context initialization - cancelling refresh attempt: org.springframework.beans.factory.UnsatisfiedDependencyException: Error creating bean with name 'userController': Unsatisfied dependency expressed through field 'loginService'; nested exception is org.springframework.beans.factory.BeanCreationException: Error creating bean with name 'loginServiceImpl': Injection of resource dependencies failed; nested exception is org.springframework.beans.factory.NoSuchBeanDefinitionException: No qualifying bean of type 'org.springframework.security.authentication.AuthenticationManager' available: expected at least 1 bean which qualifies as autowire candidate. Dependency annotations: {@javax.annotation.Resource(shareable=true, lookup=, name=, description=, authenticationType=CONTAINER, type=class java.lang.Object, mappedName=)}
2024-04-13 23:39:20.093 | WARN  | restartedMain | s.d.s.r.o.OperationImplicitParameterReader >>>>> Unable to interpret the implicit parameter configuration with dataType: , dataTypeClass: class java.lang.Void
2024-04-13 23:39:20.094 | WARN  | restartedMain | s.d.s.r.o.OperationImplicitParameterReader >>>>> Unable to interpret the implicit parameter configuration with dataType: , dataTypeClass: class java.lang.Void
2024-04-13 23:39:20.097 | WARN  | restartedMain | s.d.s.r.o.OperationImplicitParameterReader >>>>> Unable to interpret the implicit parameter configuration with dataType: , dataTypeClass: class java.lang.Void
2024-04-13 23:39:20.097 | WARN  | restartedMain | s.d.s.r.o.OperationImplicitParameterReader >>>>> Unable to interpret the implicit parameter configuration with dataType: , dataTypeClass: class java.lang.Void
2024-04-13 23:39:20.097 | WARN  | restartedMain | s.d.s.r.o.OperationImplicitParameterReader >>>>> Unable to interpret the implicit parameter configuration with dataType: , dataTypeClass: class java.lang.Void
2024-04-13 23:40:27.888 | WARN  | background-preinit | o.s.h.c.j.Jackson2ObjectMapperBuilder >>>>> For Jackson Kotlin classes support please add "com.fasterxml.jackson.module:jackson-module-kotlin" to the classpath
2024-04-13 23:40:29.969 | WARN  | restartedMain | s.d.s.r.o.OperationImplicitParameterReader >>>>> Unable to interpret the implicit parameter configuration with dataType: , dataTypeClass: class java.lang.Void
2024-04-13 23:40:29.971 | WARN  | restartedMain | s.d.s.r.o.OperationImplicitParameterReader >>>>> Unable to interpret the implicit parameter configuration with dataType: , dataTypeClass: class java.lang.Void
2024-04-13 23:40:29.976 | WARN  | restartedMain | s.d.s.r.o.OperationImplicitParameterReader >>>>> Unable to interpret the implicit parameter configuration with dataType: , dataTypeClass: class java.lang.Void
2024-04-13 23:40:29.976 | WARN  | restartedMain | s.d.s.r.o.OperationImplicitParameterReader >>>>> Unable to interpret the implicit parameter configuration with dataType: , dataTypeClass: class java.lang.Void
2024-04-13 23:40:29.977 | WARN  | restartedMain | s.d.s.r.o.OperationImplicitParameterReader >>>>> Unable to interpret the implicit parameter configuration with dataType: , dataTypeClass: class java.lang.Void
2024-04-13 23:41:08.893 | WARN  | restartedMain | s.d.s.r.o.OperationImplicitParameterReader >>>>> Unable to interpret the implicit parameter configuration with dataType: , dataTypeClass: class java.lang.Void
2024-04-13 23:41:08.894 | WARN  | restartedMain | s.d.s.r.o.OperationImplicitParameterReader >>>>> Unable to interpret the implicit parameter configuration with dataType: , dataTypeClass: class java.lang.Void
2024-04-13 23:41:08.898 | WARN  | restartedMain | s.d.s.r.o.OperationImplicitParameterReader >>>>> Unable to interpret the implicit parameter configuration with dataType: , dataTypeClass: class java.lang.Void
2024-04-13 23:41:08.898 | WARN  | restartedMain | s.d.s.r.o.OperationImplicitParameterReader >>>>> Unable to interpret the implicit parameter configuration with dataType: , dataTypeClass: class java.lang.Void
2024-04-13 23:41:08.898 | WARN  | restartedMain | s.d.s.r.o.OperationImplicitParameterReader >>>>> Unable to interpret the implicit parameter configuration with dataType: , dataTypeClass: class java.lang.Void
2024-04-13 23:41:23.518 | WARN  | background-preinit | o.s.h.c.j.Jackson2ObjectMapperBuilder >>>>> For Jackson Kotlin classes support please add "com.fasterxml.jackson.module:jackson-module-kotlin" to the classpath
2024-04-13 23:41:25.530 | WARN  | restartedMain | s.d.s.r.o.OperationImplicitParameterReader >>>>> Unable to interpret the implicit parameter configuration with dataType: , dataTypeClass: class java.lang.Void
2024-04-13 23:41:25.532 | WARN  | restartedMain | s.d.s.r.o.OperationImplicitParameterReader >>>>> Unable to interpret the implicit parameter configuration with dataType: , dataTypeClass: class java.lang.Void
2024-04-13 23:41:25.538 | WARN  | restartedMain | s.d.s.r.o.OperationImplicitParameterReader >>>>> Unable to interpret the implicit parameter configuration with dataType: , dataTypeClass: class java.lang.Void
2024-04-13 23:41:25.538 | WARN  | restartedMain | s.d.s.r.o.OperationImplicitParameterReader >>>>> Unable to interpret the implicit parameter configuration with dataType: , dataTypeClass: class java.lang.Void
2024-04-13 23:41:25.538 | WARN  | restartedMain | s.d.s.r.o.OperationImplicitParameterReader >>>>> Unable to interpret the implicit parameter configuration with dataType: , dataTypeClass: class java.lang.Void
2024-04-13 23:50:42.977 | WARN  | background-preinit | o.s.h.c.j.Jackson2ObjectMapperBuilder >>>>> For Jackson Kotlin classes support please add "com.fasterxml.jackson.module:jackson-module-kotlin" to the classpath
2024-04-13 23:50:45.120 | WARN  | restartedMain | s.d.s.r.o.OperationImplicitParameterReader >>>>> Unable to interpret the implicit parameter configuration with dataType: , dataTypeClass: class java.lang.Void
2024-04-13 23:50:45.123 | WARN  | restartedMain | s.d.s.r.o.OperationImplicitParameterReader >>>>> Unable to interpret the implicit parameter configuration with dataType: , dataTypeClass: class java.lang.Void
2024-04-13 23:50:45.129 | WARN  | restartedMain | s.d.s.r.o.OperationImplicitParameterReader >>>>> Unable to interpret the implicit parameter configuration with dataType: , dataTypeClass: class java.lang.Void
2024-04-13 23:50:45.129 | WARN  | restartedMain | s.d.s.r.o.OperationImplicitParameterReader >>>>> Unable to interpret the implicit parameter configuration with dataType: , dataTypeClass: class java.lang.Void
2024-04-13 23:50:45.130 | WARN  | restartedMain | s.d.s.r.o.OperationImplicitParameterReader >>>>> Unable to interpret the implicit parameter configuration with dataType: , dataTypeClass: class java.lang.Void
2024-04-13 23:51:37.129 | WARN  | restartedMain | s.d.s.r.o.OperationImplicitParameterReader >>>>> Unable to interpret the implicit parameter configuration with dataType: , dataTypeClass: class java.lang.Void
2024-04-13 23:51:37.130 | WARN  | restartedMain | s.d.s.r.o.OperationImplicitParameterReader >>>>> Unable to interpret the implicit parameter configuration with dataType: , dataTypeClass: class java.lang.Void
2024-04-13 23:51:37.134 | WARN  | restartedMain | s.d.s.r.o.OperationImplicitParameterReader >>>>> Unable to interpret the implicit parameter configuration with dataType: , dataTypeClass: class java.lang.Void
2024-04-13 23:51:37.134 | WARN  | restartedMain | s.d.s.r.o.OperationImplicitParameterReader >>>>> Unable to interpret the implicit parameter configuration with dataType: , dataTypeClass: class java.lang.Void
2024-04-13 23:51:37.135 | WARN  | restartedMain | s.d.s.r.o.OperationImplicitParameterReader >>>>> Unable to interpret the implicit parameter configuration with dataType: , dataTypeClass: class java.lang.Void
2024-04-13 23:51:39.203 | WARN  | restartedMain | s.d.s.r.o.OperationImplicitParameterReader >>>>> Unable to interpret the implicit parameter configuration with dataType: , dataTypeClass: class java.lang.Void
2024-04-13 23:51:39.204 | WARN  | restartedMain | s.d.s.r.o.OperationImplicitParameterReader >>>>> Unable to interpret the implicit parameter configuration with dataType: , dataTypeClass: class java.lang.Void
2024-04-13 23:51:39.206 | WARN  | restartedMain | s.d.s.r.o.OperationImplicitParameterReader >>>>> Unable to interpret the implicit parameter configuration with dataType: , dataTypeClass: class java.lang.Void
2024-04-13 23:51:39.207 | WARN  | restartedMain | s.d.s.r.o.OperationImplicitParameterReader >>>>> Unable to interpret the implicit parameter configuration with dataType: , dataTypeClass: class java.lang.Void
2024-04-13 23:51:39.207 | WARN  | restartedMain | s.d.s.r.o.OperationImplicitParameterReader >>>>> Unable to interpret the implicit parameter configuration with dataType: , dataTypeClass: class java.lang.Void
2024-04-13 23:52:09.619 | WARN  | background-preinit | o.s.h.c.j.Jackson2ObjectMapperBuilder >>>>> For Jackson Kotlin classes support please add "com.fasterxml.jackson.module:jackson-module-kotlin" to the classpath
2024-04-13 23:52:11.668 | WARN  | restartedMain | s.d.s.r.o.OperationImplicitParameterReader >>>>> Unable to interpret the implicit parameter configuration with dataType: , dataTypeClass: class java.lang.Void
2024-04-13 23:52:11.670 | WARN  | restartedMain | s.d.s.r.o.OperationImplicitParameterReader >>>>> Unable to interpret the implicit parameter configuration with dataType: , dataTypeClass: class java.lang.Void
2024-04-13 23:52:11.675 | WARN  | restartedMain | s.d.s.r.o.OperationImplicitParameterReader >>>>> Unable to interpret the implicit parameter configuration with dataType: , dataTypeClass: class java.lang.Void
2024-04-13 23:52:11.675 | WARN  | restartedMain | s.d.s.r.o.OperationImplicitParameterReader >>>>> Unable to interpret the implicit parameter configuration with dataType: , dataTypeClass: class java.lang.Void
2024-04-13 23:52:11.676 | WARN  | restartedMain | s.d.s.r.o.OperationImplicitParameterReader >>>>> Unable to interpret the implicit parameter configuration with dataType: , dataTypeClass: class java.lang.Void
