2024-05-23 10:05:26.426 | INFO  | restartedMain | c.e.b.BackEndApplication >>>>> Starting BackEndApplication using Java 1.8.0_392 on DESKTOP-SUTOC0N with PID 1192 (D:\GithubProjects\Authentication_And_Authorization_Module\back-end\target\classes started by 30218 in D:\GithubProjects\Authentication_And_Authorization_Module)
2024-05-23 10:05:26.438 | INFO  | restartedMain | c.e.b.BackEndApplication >>>>> No active profile set, falling back to default profiles: default
2024-05-23 10:05:26.464 | INFO  | restartedMain | o.s.b.d.e.DevToolsPropertyDefaultsPostProcessor >>>>> Devtools property defaults active! Set 'spring.devtools.add-properties' to 'false' to disable
2024-05-23 10:05:26.464 | INFO  | restartedMain | o.s.b.d.e.DevToolsPropertyDefaultsPostProcessor >>>>> For additional web related logging consider setting the 'logging.level.web' property to 'DEBUG'
2024-05-23 10:05:26.481 | WARN  | background-preinit | o.s.h.c.j.Jackson2ObjectMapperBuilder >>>>> For Jackson Kotlin classes support please add "com.fasterxml.jackson.module:jackson-module-kotlin" to the classpath
2024-05-23 10:05:27.068 | INFO  | restartedMain | o.s.d.r.c.RepositoryConfigurationDelegate >>>>> Multiple Spring Data modules found, entering strict repository configuration mode!
2024-05-23 10:05:27.070 | INFO  | restartedMain | o.s.d.r.c.RepositoryConfigurationDelegate >>>>> Bootstrapping Spring Data Redis repositories in DEFAULT mode.
2024-05-23 10:05:27.087 | INFO  | restartedMain | o.s.d.r.c.RepositoryConfigurationDelegate >>>>> Finished Spring Data repository scanning in 7 ms. Found 0 Redis repository interfaces.
2024-05-23 10:05:27.277 | INFO  | restartedMain | o.s.c.s.PostProcessorRegistrationDelegate$BeanPostProcessorChecker >>>>> Bean 'org.springframework.security.access.expression.method.DefaultMethodSecurityExpressionHandler@7ddcb624' of type [org.springframework.security.access.expression.method.DefaultMethodSecurityExpressionHandler] is not eligible for getting processed by all BeanPostProcessors (for example: not eligible for auto-proxying)
2024-05-23 10:05:27.279 | INFO  | restartedMain | o.s.c.s.PostProcessorRegistrationDelegate$BeanPostProcessorChecker >>>>> Bean 'methodSecurityMetadataSource' of type [org.springframework.security.access.method.DelegatingMethodSecurityMetadataSource] is not eligible for getting processed by all BeanPostProcessors (for example: not eligible for auto-proxying)
2024-05-23 10:05:27.468 | INFO  | restartedMain | o.s.b.w.e.t.TomcatWebServer >>>>> Tomcat initialized with port(s): 8888 (http)
2024-05-23 10:05:27.474 | INFO  | restartedMain | o.a.c.h.Http11NioProtocol >>>>> Initializing ProtocolHandler ["http-nio-8888"]
2024-05-23 10:05:27.474 | INFO  | restartedMain | o.a.c.c.StandardService >>>>> Starting service [Tomcat]
2024-05-23 10:05:27.475 | INFO  | restartedMain | o.a.c.c.StandardEngine >>>>> Starting Servlet engine: [Apache Tomcat/9.0.46]
2024-05-23 10:05:27.516 | INFO  | restartedMain | o.a.c.c.C.[.[.[/] >>>>> Initializing Spring embedded WebApplicationContext
2024-05-23 10:05:27.516 | INFO  | restartedMain | o.s.b.w.s.c.ServletWebServerApplicationContext >>>>> Root WebApplicationContext: initialization completed in 1051 ms
2024-05-23 10:05:27.832 | INFO  | restartedMain | c.z.h.HikariDataSource >>>>> HikariPool-1 - Starting...
2024-05-23 10:05:28.031 | INFO  | restartedMain | c.z.h.HikariDataSource >>>>> HikariPool-1 - Start completed.
2024-05-23 10:05:28.416 | INFO  | restartedMain | o.s.b.d.a.OptionalLiveReloadServer >>>>> LiveReload server is running on port 35729
2024-05-23 10:05:28.595 | INFO  | restartedMain | o.s.s.w.DefaultSecurityFilterChain >>>>> Will secure any request with [org.springframework.security.web.context.request.async.WebAsyncManagerIntegrationFilter@577bc2fa, org.springframework.security.web.context.SecurityContextPersistenceFilter@325a6aa6, org.springframework.security.web.header.HeaderWriterFilter@6c49a847, org.springframework.web.filter.CorsFilter@630408c6, org.springframework.security.web.authentication.logout.LogoutFilter@45d2a9fc, com.example.backend.Filter.JwtAuthenticationTokenFilter@4b007600, org.springframework.security.web.savedrequest.RequestCacheAwareFilter@65ec7b0a, org.springframework.security.web.servletapi.SecurityContextHolderAwareRequestFilter@371f982c, org.springframework.security.web.authentication.AnonymousAuthenticationFilter@affbcd9, org.springframework.security.web.session.SessionManagementFilter@703786e4, org.springframework.security.web.access.ExceptionTranslationFilter@6a4070e9, org.springframework.security.web.access.intercept.FilterSecurityInterceptor@56b41a60]
2024-05-23 10:05:28.631 | INFO  | restartedMain | o.a.c.h.Http11NioProtocol >>>>> Starting ProtocolHandler ["http-nio-8888"]
2024-05-23 10:05:28.643 | INFO  | restartedMain | o.s.b.w.e.t.TomcatWebServer >>>>> Tomcat started on port(s): 8888 (http) with context path ''
2024-05-23 10:05:28.711 | WARN  | restartedMain | s.d.s.r.o.OperationImplicitParameterReader >>>>> Unable to interpret the implicit parameter configuration with dataType: , dataTypeClass: class java.lang.Void
2024-05-23 10:05:28.714 | WARN  | restartedMain | s.d.s.r.o.OperationImplicitParameterReader >>>>> Unable to interpret the implicit parameter configuration with dataType: , dataTypeClass: class java.lang.Void
2024-05-23 10:05:28.727 | WARN  | restartedMain | s.d.s.r.o.OperationImplicitParameterReader >>>>> Unable to interpret the implicit parameter configuration with dataType: , dataTypeClass: class java.lang.Void
2024-05-23 10:05:28.727 | WARN  | restartedMain | s.d.s.r.o.OperationImplicitParameterReader >>>>> Unable to interpret the implicit parameter configuration with dataType: , dataTypeClass: class java.lang.Void
2024-05-23 10:05:28.728 | WARN  | restartedMain | s.d.s.r.o.OperationImplicitParameterReader >>>>> Unable to interpret the implicit parameter configuration with dataType: , dataTypeClass: class java.lang.Void
2024-05-23 10:05:28.741 | INFO  | restartedMain | c.e.b.BackEndApplication >>>>> Started BackEndApplication in 2.578 seconds (JVM running for 3.299)
2024-05-23 10:05:28.742 | INFO  | restartedMain | o.s.b.a.ApplicationAvailabilityBean >>>>> Application availability state LivenessState changed to CORRECT
2024-05-23 10:05:28.743 | INFO  | restartedMain | o.s.b.a.ApplicationAvailabilityBean >>>>> Application availability state ReadinessState changed to ACCEPTING_TRAFFIC
2024-05-23 10:10:06.412 | INFO  | http-nio-8888-exec-1 | o.a.c.c.C.[.[.[/] >>>>> Initializing Spring DispatcherServlet 'dispatcherServlet'
2024-05-23 10:10:06.412 | INFO  | http-nio-8888-exec-1 | o.s.w.s.DispatcherServlet >>>>> Initializing Servlet 'dispatcherServlet'
2024-05-23 10:10:06.416 | INFO  | http-nio-8888-exec-1 | o.s.w.s.DispatcherServlet >>>>> Completed initialization in 4 ms
2024-05-23 10:12:44.260 | ERROR | http-nio-8888-exec-6 | c.e.b.s.i.LoginServiceImpl >>>>> An error occurred during user registration: 用户名或密码错误
2024-05-23 11:53:19.826 | INFO  | SpringContextShutdownHook | o.s.b.a.ApplicationAvailabilityBean >>>>> Application availability state ReadinessState changed from ACCEPTING_TRAFFIC to REFUSING_TRAFFIC
